2024-09-19 16:01:58,359 - INFO - Starting the scraping process
2024-09-19 16:02:06,987 - INFO - Starting the scraping process
2024-09-19 16:02:45,101 - INFO - Starting the scraping process
2024-09-19 16:03:02,397 - INFO - Starting the scraping process
2024-09-19 16:03:12,275 - INFO - Starting the scraping process
2024-09-19 16:03:58,538 - INFO - Starting the scraping process
2024-09-19 16:04:08,548 - INFO - Starting the scraping process
2024-09-19 16:04:56,596 - INFO - Starting the scraping process
2024-09-19 16:06:23,138 - INFO - Starting the scraping process
2024-09-19 16:08:29,737 - INFO - Starting the scraping process
2024-09-19 16:08:31,675 - INFO - Exported news to CSV
2024-09-19 16:09:18,182 - INFO - Starting the scraping process
2024-09-19 16:09:19,310 - INFO - Exported news to CSV
2024-09-19 16:13:51,663 - INFO - Starting the scraping process
2024-09-19 16:13:54,380 - INFO - Exported news to CSV
2024-09-19 16:14:34,660 - INFO - Starting the scraping process
2024-09-19 16:14:35,874 - INFO - Exported news to CSV
2024-09-19 16:14:52,620 - INFO - Starting the scraping process
2024-09-19 16:14:53,627 - INFO - Exported news to CSV
2024-09-19 16:34:59,724 - INFO - Starting the scraping process
2024-09-19 16:35:00,784 - INFO - Exported news to CSV
2024-09-19 16:35:44,499 - INFO - Starting the scraping process
2024-09-19 16:35:45,859 - INFO - Exported news to CSV
2024-09-19 16:35:58,222 - INFO - Starting the scraping process
2024-09-19 16:35:59,308 - INFO - Exported news to CSV
2024-09-19 16:36:26,075 - INFO - Starting the scraping process
2024-09-19 16:36:27,274 - INFO - Exported news to CSV
2024-09-19 16:44:27,035 - INFO - Starting the scraping process
2024-09-19 16:44:28,160 - INFO - Exported news to CSV
2024-09-19 16:44:44,082 - INFO - Starting the scraping process
2024-09-19 16:44:45,165 - INFO - Exported news to CSV
2024-09-19 16:45:13,592 - INFO - Starting the scraping process
2024-09-19 16:45:15,405 - INFO - Exported news to CSV
2024-09-19 16:45:22,452 - INFO - Starting the scraping process
2024-09-19 16:45:23,493 - INFO - Exported news to CSV
2024-09-19 16:45:53,175 - INFO - Starting the scraping process
2024-09-19 16:45:54,276 - INFO - Exported news to CSV
2024-09-19 16:46:07,824 - INFO - Starting the scraping process
2024-09-19 16:46:09,019 - INFO - Exported news to CSV
2024-09-19 16:46:23,766 - INFO - Starting the scraping process
2024-09-19 16:46:24,867 - INFO - Exported news to CSV
2024-09-19 16:48:03,931 - INFO - Starting the scraping process
2024-09-19 16:48:05,100 - INFO - Exported news to CSV
2024-09-19 16:48:26,979 - INFO - Starting the scraping process
2024-09-19 16:48:28,153 - INFO - Exported news to CSV
2024-09-19 16:49:57,430 - INFO - Starting the scraping process
2024-09-19 16:49:58,834 - INFO - Exported news to CSV
2024-09-19 16:50:21,494 - INFO - Starting the scraping process
2024-09-19 16:50:23,421 - INFO - Exported news to CSV
2024-09-19 16:55:37,130 - INFO - Starting the scraping process
2024-09-19 16:55:38,381 - INFO - Exported news to CSV
2024-09-19 16:55:58,167 - INFO - Starting the scraping process
2024-09-19 16:55:59,226 - INFO - Exported news to CSV
2024-09-19 16:56:13,121 - INFO - Starting the scraping process
2024-09-19 16:58:22,021 - INFO - Starting the scraping process
2024-09-19 16:59:12,160 - INFO - Starting the scraping process
2024-09-19 17:00:17,681 - INFO - Starting the scraping process
2024-09-19 17:00:18,782 - INFO - Printing tickers informations as a Pandas DataFrame
2024-09-19 17:00:18,787 - INFO - Exporting tickers informations as a CSV with name data.csv
2024-09-19 17:01:09,593 - INFO - Starting the scraping process
2024-09-19 17:01:11,440 - INFO - Printing tickers informations as a Pandas DataFrame
2024-09-19 17:01:11,444 - INFO - Exporting tickers informations as a CSV with name data.csv
2024-09-19 17:01:11,444 - INFO - Scraping process completed
2024-09-19 17:14:51,103 - INFO - Starting the scraping process
2024-09-19 17:14:53,084 - INFO - Fetched 2 tickers
2024-09-19 17:15:44,701 - INFO - Starting the scraping process
2024-09-19 17:15:46,712 - INFO - Fetched 2 tickers
2024-09-19 17:21:52,203 - INFO - Starting the scraping process
2024-09-19 17:21:54,922 - INFO - Fetched 2 tickers
2024-09-19 17:22:19,777 - INFO - Starting the scraping process
2024-09-19 17:22:20,949 - INFO - Fetched 2 tickers
2024-09-19 17:22:20,951 - INFO - Inserted tickers into the database
2024-09-19 17:22:20,952 - INFO - Scraping process completed
2024-09-19 17:22:24,529 - INFO - Starting the scraping process
2024-09-19 17:22:25,570 - INFO - Fetched 2 tickers
2024-09-19 17:23:33,841 - INFO - Starting the scraping process
2024-09-19 17:23:34,871 - INFO - Fetched 2 tickers
2024-09-19 17:40:58,465 - INFO - Starting the scraping process
2024-09-19 17:41:00,423 - INFO - Fetched 2 tickers
2024-09-19 17:41:53,072 - INFO - Starting the scraping process
2024-09-19 17:41:55,017 - INFO - Fetched 2 tickers
2024-09-19 17:42:15,341 - INFO - Starting the scraping process
2024-09-19 17:42:16,558 - INFO - Fetched 2 tickers
2024-09-19 17:42:49,230 - INFO - Starting the scraping process
2024-09-19 17:42:50,476 - INFO - Fetched 2 tickers
2024-09-19 17:42:50,478 - INFO - Inserted tickers into the database
2024-09-19 17:42:50,483 - INFO - Printing tickers informations as a Pandas DataFrame
2024-09-19 17:42:50,487 - INFO - Exporting tickers informations as a CSV with name data.csv
2024-09-19 17:42:50,487 - INFO - Scraping process completed
2024-09-19 17:43:12,450 - INFO - Starting the scraping process
2024-09-19 17:43:13,634 - INFO - Fetched 2 tickers
2024-09-19 17:46:04,270 - INFO - Starting the scraping process
2024-09-19 17:46:05,400 - INFO - Fetched 2 tickers
2024-09-19 17:46:05,403 - INFO - Inserted tickers into the database
2024-09-19 17:46:05,407 - INFO - Printing tickers informations as a Pandas DataFrame
2024-09-19 17:46:05,410 - INFO - Exporting tickers informations as a CSV with name data.csv
2024-09-19 17:46:05,411 - INFO - Scraping process completed
2024-09-19 17:49:59,969 - INFO - Starting the scraping process
2024-09-19 17:50:01,914 - INFO - Fetched 2 tickers
2024-09-19 17:50:01,916 - INFO - Inserted tickers into the database
2024-09-19 17:50:01,916 - INFO - Scraping process completed
2024-09-19 17:50:48,358 - INFO - Starting the scraping process
2024-09-19 17:50:52,703 - INFO - Fetched 5 tickers
2024-09-19 17:50:52,705 - INFO - Inserted tickers into the database
2024-09-19 17:50:52,709 - INFO - Printing tickers informations as a Pandas DataFrame
2024-09-19 17:50:52,713 - INFO - Exporting tickers informations as a CSV with name data.csv
2024-09-19 17:50:52,713 - INFO - Scraping process completed
2024-09-19 17:57:40,638 - INFO - Starting the scraping process
2024-09-19 17:57:45,675 - INFO - Fetched 5 tickers
2024-09-19 17:57:45,678 - INFO - Inserted tickers into the database
2024-09-19 17:58:39,937 - INFO - Starting the scraping process
2024-09-19 17:58:42,544 - INFO - Fetched 5 tickers
2024-09-19 17:58:42,546 - INFO - Inserted tickers into the database
2024-09-19 17:58:42,546 - INFO - Exported news to CSV
2024-09-19 17:58:42,546 - INFO - Scraping process completed
2024-09-19 21:23:04,167 - INFO - Starting the scraping process
2024-09-19 21:24:11,353 - INFO - Fetched 49 tickers
2024-09-19 21:24:11,357 - INFO - Inserted tickers into the database
2024-09-19 21:24:11,357 - INFO - Exported financial data to CSV
2024-09-19 21:24:11,357 - INFO - Scraping process completed
2024-09-19 21:25:56,822 - INFO - Starting the scraping process
2024-09-19 21:26:23,246 - INFO - Fetched 49 tickers
2024-09-19 21:26:23,250 - INFO - Inserted tickers into the database
2024-09-19 21:26:23,255 - INFO - Printing tickers informations as a Pandas DataFrame
2024-09-19 21:26:23,264 - INFO - Exporting tickers informations as a CSV with name data.csv
2024-09-19 21:26:23,264 - INFO - Scraping process completed
2024-09-20 13:03:23,289 - INFO - Starting the scraping process
2024-09-20 13:03:24,310 - INFO - Fetched 2 tickers
2024-09-20 13:03:24,317 - INFO - Inserted tickers into the database
2024-09-20 13:03:24,317 - INFO - Scraping process completed
2024-09-20 13:04:36,443 - INFO - Starting the scraping process
2024-09-20 13:04:37,705 - INFO - Fetched 2 tickers
2024-09-20 13:04:37,707 - INFO - Inserted tickers into the database
2024-09-20 13:08:26,190 - INFO - Starting the scraping process
2024-09-20 13:08:27,388 - INFO - Fetched 2 tickers
2024-09-20 13:08:27,390 - INFO - Inserted tickers into the database
2024-09-20 13:08:27,391 - ERROR - Start Date and End Date are required for historical data
2024-09-20 13:11:32,786 - INFO - Starting the scraping process
2024-09-20 13:11:33,976 - INFO - Fetched 2 tickers
2024-09-20 13:11:33,979 - INFO - Inserted tickers into the database
2024-09-20 13:11:33,979 - ERROR - Start Date and End Date are required for historical data
2024-09-20 13:51:52,478 - INFO - Starting the scraping process
2024-09-20 13:51:53,693 - INFO - Fetched 2 tickers
2024-09-20 13:51:53,695 - INFO - Inserted tickers into the database
2024-09-20 13:51:53,696 - ERROR - Start Date and End Date are required for historical data
2024-09-20 13:52:10,530 - INFO - Starting the scraping process
2024-09-20 13:52:11,790 - INFO - Fetched 2 tickers
2024-09-20 13:52:11,791 - INFO - Inserted tickers into the database
2024-09-20 13:52:11,791 - ERROR - Start Date and End Date are required for historical data
2024-09-20 13:52:24,121 - INFO - Starting the scraping process
2024-09-20 13:52:25,341 - INFO - Fetched 2 tickers
2024-09-20 13:52:25,344 - INFO - Inserted tickers into the database
2024-09-20 13:52:25,344 - ERROR - Start Date must be before End Date
2024-09-20 13:52:39,741 - INFO - Starting the scraping process
2024-09-20 13:52:41,063 - INFO - Fetched 2 tickers
2024-09-20 13:52:41,065 - INFO - Inserted tickers into the database
2024-09-20 13:53:17,869 - INFO - Starting the scraping process
2024-09-20 13:53:19,025 - INFO - Fetched 2 tickers
2024-09-20 13:53:19,027 - INFO - Inserted tickers into the database
2024-09-20 13:53:19,027 - ERROR - Start Date must be before End Date
2024-09-20 13:56:58,886 - INFO - Starting the scraping process
2024-09-20 13:56:59,946 - INFO - Fetched 2 tickers
2024-09-20 13:56:59,949 - INFO - Inserted tickers into the database
2024-09-20 13:57:22,912 - INFO - Starting the scraping process
2024-09-20 13:57:24,198 - INFO - Fetched 2 tickers
2024-09-20 13:57:24,201 - INFO - Inserted tickers into the database
2024-09-20 13:57:41,807 - INFO - Starting the scraping process
2024-09-20 13:57:43,017 - INFO - Fetched 2 tickers
2024-09-20 13:57:43,020 - INFO - Inserted tickers into the database
2024-09-20 13:57:43,020 - ERROR - Start Date must be before End Date
2024-09-20 13:57:47,111 - INFO - Starting the scraping process
2024-09-20 13:57:48,314 - INFO - Fetched 2 tickers
2024-09-20 13:57:48,315 - INFO - Inserted tickers into the database
2024-09-20 13:58:00,454 - INFO - Starting the scraping process
2024-09-20 13:58:01,656 - INFO - Fetched 2 tickers
2024-09-20 13:58:01,659 - INFO - Inserted tickers into the database
2024-09-20 13:58:01,659 - INFO - Scraping process completed
2024-09-20 13:58:22,187 - INFO - Starting the scraping process
2024-09-20 13:58:23,201 - INFO - Fetched 2 tickers
2024-09-20 13:58:23,204 - INFO - Inserted tickers into the database
2024-09-20 13:58:23,204 - INFO - Scraping process completed
2024-09-20 14:31:25,104 - INFO - Starting the scraping process
2024-09-20 14:31:26,496 - INFO - Fetched 2 tickers
2024-09-20 14:31:26,498 - INFO - Inserted tickers into the database
2024-09-20 14:32:21,688 - INFO - Starting the scraping process
2024-09-20 14:32:22,857 - INFO - Fetched 2 tickers
2024-09-20 14:32:22,859 - INFO - Inserted tickers into the database
2024-09-20 14:32:44,771 - INFO - Starting the scraping process
2024-09-20 14:32:45,835 - INFO - Fetched 2 tickers
2024-09-20 14:32:45,838 - INFO - Inserted tickers into the database
2024-09-20 14:57:56,750 - INFO - Starting the scraping process
2024-09-20 14:57:59,330 - INFO - Fetched 2 tickers
2024-09-20 14:57:59,334 - INFO - Inserted tickers into the database
2024-09-20 14:57:59,334 - INFO - Scraping process completed
2024-09-20 14:57:59,337 - INFO - Printing tickers informations as a Pandas DataFrame
2024-09-20 14:58:20,758 - INFO - Starting the scraping process
2024-09-20 14:58:21,844 - INFO - Fetched 2 tickers
2024-09-20 14:58:21,846 - INFO - Inserted tickers into the database
2024-09-20 14:58:21,846 - INFO - Scraping process completed
2024-09-20 14:58:21,849 - INFO - Printing tickers informations as a Pandas DataFrame
2024-09-20 15:00:46,130 - INFO - Starting the scraping process
2024-09-20 15:00:47,357 - INFO - Fetched 2 tickers
2024-09-20 15:00:47,360 - INFO - Inserted tickers into the database
2024-09-20 15:00:47,360 - INFO - Scraping process completed
2024-09-20 15:00:47,363 - INFO - Printing tickers informations as a Pandas DataFrame
2024-09-20 15:00:47,367 - INFO - Exporting tickers informations as a CSV with name data.csv
2024-09-20 15:00:47,367 - INFO - Starting the scraping process
2024-09-20 15:00:48,648 - INFO - Fetched 2 tickers
2024-09-20 15:00:48,650 - INFO - Inserted tickers into the database
2024-09-20 15:00:48,650 - INFO - Scraping process completed
2024-09-20 15:45:17,265 - INFO - Starting the scraping process
2024-09-20 15:45:18,275 - INFO - Fetched 2 tickers
2024-09-20 15:45:18,285 - INFO - Inserted tickers into the database
2024-09-20 15:45:18,285 - INFO - Scraping process completed
2024-09-20 15:52:21,743 - INFO - Starting the scraping process
2024-09-20 15:52:24,742 - INFO - Fetched 82 historical data
2024-09-20 15:52:24,746 - INFO - Inserted historical data into the database
2024-09-20 15:52:24,746 - INFO - Scraping process completed
2024-09-20 15:52:24,746 - INFO - Starting the scraping process
2024-09-20 15:52:25,958 - INFO - Fetched 2 tickers
2024-09-20 15:52:25,961 - INFO - Inserted tickers into the database
2024-09-20 15:52:25,961 - INFO - Scraping process completed
2024-09-20 15:53:56,917 - INFO - Starting the scraping process
2024-09-20 15:53:58,969 - INFO - Fetched 82 historical data
2024-09-20 15:53:58,973 - INFO - Inserted historical data into the database
2024-09-20 15:53:58,973 - INFO - Scraping process completed
2024-09-20 15:53:58,973 - INFO - Starting the scraping process
2024-09-20 15:54:00,106 - INFO - Fetched 2 tickers
2024-09-20 15:54:00,108 - INFO - Inserted tickers into the database
2024-09-20 15:54:00,108 - INFO - Scraping process completed
2024-09-27 12:46:48,670 - INFO - Starting the scraping process
2024-09-27 13:02:13,302 - INFO - Starting the scraping process
2024-09-27 13:02:51,718 - INFO - Starting the scraping process
2024-09-27 13:02:54,330 - INFO - Fetched 2 tickers
2024-09-27 13:02:54,337 - INFO - Inserted tickers into the database
2024-09-27 13:02:54,337 - INFO - Scraping process completed
2024-09-27 13:18:50,571 - INFO - Starting the scraping process
2024-09-27 13:18:53,554 - INFO - Fetched 82 historical data
2024-09-27 13:18:53,561 - INFO - Inserted historical data into the database
2024-09-27 13:18:53,561 - INFO - Scraping process completed
2024-09-27 13:18:53,561 - INFO - Starting the scraping process
2024-09-27 13:18:55,077 - INFO - Fetched 2 tickers
2024-09-27 13:18:55,078 - INFO - Inserted tickers into the database
2024-09-27 13:18:55,078 - INFO - Scraping process completed
2024-09-27 13:50:45,198 - INFO - Starting the ticker scraping process ...
2024-09-27 13:50:46,796 - INFO - Fetched 2 tickers
2024-09-27 13:50:46,803 - INFO - Inserted tickers into the database
2024-09-27 13:50:46,803 - INFO - Scraping process completed
2024-09-27 14:38:41,264 - INFO - Starting the historical data scraping process
2024-09-27 14:38:44,000 - INFO - Fetched historical data for 82 tickers
2024-09-27 14:38:44,008 - INFO - Inserted historical data into the database
2024-09-27 14:39:41,879 - INFO - Starting the historical data scraping process
2024-09-27 14:39:44,888 - INFO - Fetched historical data for 82 tickers
2024-09-27 14:39:44,894 - INFO - Inserted historical data into the database
2024-09-27 14:40:06,402 - INFO - Starting the historical data scraping process
2024-09-27 14:40:09,357 - INFO - Fetched historical data for 82 tickers
2024-09-27 14:40:09,380 - INFO - Inserted historical data into the database
2024-09-27 14:41:28,668 - INFO - Starting the historical data scraping process
2024-09-27 14:41:31,768 - INFO - Fetched historical data for 82 tickers
2024-09-27 14:41:31,773 - INFO - Inserted historical data into the database
2024-09-27 14:42:27,316 - INFO - Starting the historical data scraping process
2024-09-27 14:42:31,544 - INFO - Fetched historical data for 82 tickers
2024-09-27 14:42:31,551 - INFO - Inserted historical data into the database
2024-09-27 14:43:38,209 - INFO - Starting the historical data scraping process
2024-09-27 14:43:41,222 - INFO - Fetched historical data for 82 tickers
2024-09-27 14:43:41,233 - INFO - Inserted historical data into the database
2024-09-27 14:43:41,237 - INFO - Converted data to Pandas DataFrame
2024-09-27 14:43:41,242 - INFO - Exporting data as a CSV with name data.csv
2024-09-27 14:43:41,242 - INFO - Processing completed successfully
2024-09-27 18:21:03,562 - INFO - Starting the historical data scraping process
2024-09-27 18:21:06,102 - INFO - Fetched historical data for 82 tickers
2024-09-27 18:21:06,109 - INFO - Inserted historical data into the database
2024-09-27 18:21:33,222 - INFO - Starting the historical data scraping process
2024-09-27 18:21:36,110 - INFO - Fetched historical data for 82 tickers
2024-09-27 18:21:36,116 - INFO - Inserted historical data into the database
2024-09-27 18:21:36,116 - INFO - Exported data to CSV
2024-09-27 18:21:36,116 - INFO - Processing completed successfully
2024-09-27 18:24:05,300 - INFO - Starting the historical data scraping process
2024-09-27 18:24:07,910 - INFO - Fetched historical data for 82 tickers
2024-09-27 18:24:07,920 - INFO - Inserted historical data into the database
2024-09-27 18:24:07,922 - INFO - Exported data to CSV
2024-09-27 18:24:07,922 - INFO - Processing completed successfully
2024-09-27 18:25:11,797 - INFO - Starting the historical data scraping process
2024-09-27 18:36:45,131 - INFO - Starting the historical data scraping process
2024-09-27 18:36:48,195 - INFO - Fetched historical data for 82 tickers
2024-09-27 18:36:48,207 - INFO - Inserted historical data into the database
2024-09-27 18:36:48,209 - INFO - Exported data to CSV
2024-09-27 18:36:48,210 - INFO - Processing completed successfully
2024-09-27 18:37:48,958 - INFO - Starting the historical data scraping process
2024-09-27 18:37:52,551 - INFO - Fetched historical data for 82 tickers
2024-09-27 18:37:52,562 - INFO - Inserted historical data into the database
2024-09-27 18:37:52,563 - INFO - Exported data to CSV
2024-09-27 18:37:52,563 - INFO - Processing completed successfully
2024-09-27 18:38:55,974 - INFO - Starting the historical data scraping process
2024-09-27 18:38:58,394 - INFO - Fetched historical data for 82 tickers
2024-09-27 18:38:58,401 - INFO - Inserted historical data into the database
2024-09-27 18:38:58,401 - INFO - Exported data to CSV
2024-09-27 18:38:58,401 - INFO - Processing completed successfully
2024-09-27 18:39:08,664 - INFO - Starting the ticker scraping process ...
2024-09-27 18:39:11,326 - INFO - Fetched 2 tickers
2024-09-27 18:39:11,329 - INFO - Inserted tickers into the database
2024-09-27 18:39:11,329 - INFO - Scraping process completed
2024-09-27 18:39:11,329 - INFO - Exported data to CSV
2024-09-27 18:39:11,330 - INFO - Processing completed successfully
2024-09-27 18:41:12,128 - INFO - Starting the historical data scraping process
2024-09-27 18:41:14,703 - INFO - Fetched historical data for 82 tickers
2024-09-27 18:41:14,721 - INFO - Inserted historical data into the database
2024-09-27 18:41:14,722 - INFO - Exported data to CSV
2024-09-27 18:41:14,723 - INFO - Processing completed successfully
2024-09-27 18:43:27,145 - INFO - Starting the ticker scraping process ...
2024-09-27 18:43:28,448 - INFO - Fetched 2 tickers
2024-09-27 18:43:28,455 - INFO - Inserted tickers into the database
2024-09-27 18:43:28,455 - INFO - Scraping process completed
2024-09-27 18:43:28,456 - INFO - Exported data to CSV
2024-09-27 18:43:28,456 - INFO - Processing completed successfully
2024-09-27 18:43:33,104 - INFO - Starting the ticker scraping process ...
2024-09-27 18:43:34,684 - INFO - Fetched 2 tickers
2024-09-27 18:43:34,687 - INFO - Inserted tickers into the database
2024-09-27 18:43:34,687 - INFO - Scraping process completed
2024-09-27 18:43:34,690 - INFO - Converted data to Pandas DataFrame
2024-09-27 18:43:34,694 - INFO - Exporting data as a CSV with name data.csv
2024-09-27 18:43:34,694 - INFO - Processing completed successfully
